2019-11-12T09:22:41.666Z - normal: Load ~/.CocosCreator/settings.json
2019-11-12T09:22:41.737Z - normal: Initializing Asset Database
2019-11-12T09:22:41.741Z - normal: checking language setting...
2019-11-12T09:22:41.742Z - normal: Language: zh
2019-11-12T09:22:42.291Z - success: preview server running at http://localhost:7456
2019-11-12T09:22:42.296Z - success: protocol editor-framework registered
2019-11-12T09:22:42.296Z - success: protocol app registered
2019-11-12T09:22:42.296Z - success: protocol theme registered
2019-11-12T09:22:42.296Z - success: protocol packages registered
2019-11-12T09:22:42.296Z - success: protocol uuid registerred
2019-11-12T09:22:42.296Z - success: protocol db registerred
2019-11-12T09:22:42.296Z - success: protocol thumbnail registerred
2019-11-12T09:22:42.297Z - success: protocol unpack registerred
2019-11-12T09:22:42.297Z - success: protocol disable-commonjs registerred
2019-11-12T09:22:42.476Z - normal: connected!
2019-11-12T09:22:42.479Z - normal: Check project E:\Coding_Study\web\H5_Game\webModule
2019-11-12T09:22:42.485Z - normal: Initializing project E:\Coding_Study\web\H5_Game\webModule
2019-11-12T09:22:42.794Z - normal: Initializing Cocos2d
2019-11-12T09:22:43.281Z - normal: Initializing engine extends
2019-11-12T09:22:43.373Z - success: adapters loaded
2019-11-12T09:22:43.381Z - success: asset-db-debugger loaded
2019-11-12T09:22:43.490Z - success: fb-audience-network loaded
2019-11-12T09:22:43.528Z - success: fb-live-stream loaded
2019-11-12T09:22:43.532Z - success: google-play-instant loaded
2019-11-12T09:22:43.541Z - success: huawei-runtime loaded
2019-11-12T09:22:43.708Z - success: cpk-publish loaded
2019-11-12T09:22:43.709Z - success: jsb-adapter loaded
2019-11-12T09:22:43.717Z - success: oppo-runtime loaded
2019-11-12T09:22:43.725Z - success: package-manager loaded
2019-11-12T09:22:43.730Z - success: runtime-dev-tools loaded
2019-11-12T09:22:43.741Z - success: sdkbox loaded
2019-11-12T09:22:43.747Z - success: ui-kit-preview-extra loaded
2019-11-12T09:22:43.755Z - success: ui-kit-preview loaded
2019-11-12T09:22:43.768Z - success: vivo-runtime loaded
2019-11-12T09:22:43.772Z - success: alipay-minigame loaded
2019-11-12T09:22:43.848Z - success: assets loaded
2019-11-12T09:22:43.855Z - success: baidugame-opendata loaded
2019-11-12T09:22:43.859Z - success: baidugame loaded
2019-11-12T09:22:43.869Z - success: builder loaded
2019-11-12T09:22:44.061Z - success: cocos-services loaded
2019-11-12T09:22:44.073Z - success: console loaded
2019-11-12T09:22:44.091Z - success: fb-instant-games loaded
2019-11-12T09:22:44.097Z - success: game-window loaded
2019-11-12T09:22:44.099Z - success: google-instant-games loaded
2019-11-12T09:22:44.108Z - success: hierarchy loaded
2019-11-12T09:22:44.113Z - success: inspector loaded
2019-11-12T09:22:44.115Z - success: keystore loaded
2019-11-12T09:22:44.124Z - success: node-library loaded
2019-11-12T09:22:44.126Z - success: open-recent-items loaded
2019-11-12T09:22:44.129Z - success: package-asset loaded
2019-11-12T09:22:44.130Z - success: preferences loaded
2019-11-12T09:22:44.135Z - success: project-exporter loaded
2019-11-12T09:22:44.142Z - success: project-importer loaded
2019-11-12T09:22:44.153Z - success: project-settings loaded
2019-11-12T09:22:44.159Z - success: scene loaded
2019-11-12T09:22:44.161Z - success: simulator-debugger loaded
2019-11-12T09:22:44.163Z - success: sprite-editor loaded
2019-11-12T09:22:44.170Z - success: store loaded
2019-11-12T09:22:44.176Z - success: timeline loaded
2019-11-12T09:22:44.180Z - success: wechatgame-opendata loaded
2019-11-12T09:22:44.187Z - success: wechatgame loaded
2019-11-12T09:22:44.195Z - success: xiaomi-runtime loaded
2019-11-12T09:22:46.138Z - info: Cocos Services load base data!
2019-11-12T09:22:48.930Z - normal: Loading packages
2019-11-12T09:22:48.937Z - normal: Watching packages
2019-11-12T09:22:49.745Z - normal: Run Application
2019-11-12T09:23:14.263Z - info: shutdown preview server
