2019-11-05T14:51:08.110Z - normal: Load ~/.CocosCreator/settings.json
2019-11-05T14:51:08.192Z - normal: Initializing Asset Database
2019-11-05T14:51:08.195Z - normal: checking language setting...
2019-11-05T14:51:08.195Z - normal: Language: zh
2019-11-05T14:51:08.726Z - success: preview server running at http://localhost:7456
2019-11-05T14:51:08.732Z - success: protocol editor-framework registered
2019-11-05T14:51:08.732Z - success: protocol app registered
2019-11-05T14:51:08.732Z - success: protocol theme registered
2019-11-05T14:51:08.732Z - success: protocol packages registered
2019-11-05T14:51:08.732Z - success: protocol uuid registerred
2019-11-05T14:51:08.733Z - success: protocol db registerred
2019-11-05T14:51:08.733Z - success: protocol thumbnail registerred
2019-11-05T14:51:08.733Z - success: protocol unpack registerred
2019-11-05T14:51:08.733Z - success: protocol disable-commonjs registerred
2019-11-05T14:51:08.954Z - normal: connected!
2019-11-05T14:51:08.957Z - normal: Check project E:\Coding_Study\web\H5_Games\FlappyBird01
2019-11-05T14:51:08.962Z - normal: Initializing project E:\Coding_Study\web\H5_Games\FlappyBird01
2019-11-05T14:51:09.282Z - normal: Initializing Cocos2d
2019-11-05T14:51:09.749Z - normal: Initializing engine extends
2019-11-05T14:51:09.819Z - success: adapters loaded
2019-11-05T14:51:09.827Z - success: asset-db-debugger loaded
2019-11-05T14:51:09.940Z - success: fb-audience-network loaded
2019-11-05T14:51:09.979Z - success: fb-live-stream loaded
2019-11-05T14:51:09.983Z - success: google-play-instant loaded
2019-11-05T14:51:09.991Z - success: huawei-runtime loaded
2019-11-05T14:51:10.162Z - success: cpk-publish loaded
2019-11-05T14:51:10.163Z - success: jsb-adapter loaded
2019-11-05T14:51:10.169Z - success: oppo-runtime loaded
2019-11-05T14:51:10.176Z - success: package-manager loaded
2019-11-05T14:51:10.180Z - success: runtime-dev-tools loaded
2019-11-05T14:51:10.194Z - success: sdkbox loaded
2019-11-05T14:51:10.203Z - success: ui-kit-preview-extra loaded
2019-11-05T14:51:10.209Z - success: ui-kit-preview loaded
2019-11-05T14:51:10.216Z - success: vivo-runtime loaded
2019-11-05T14:51:10.221Z - success: alipay-minigame loaded
2019-11-05T14:51:10.282Z - success: assets loaded
2019-11-05T14:51:10.289Z - success: baidugame-opendata loaded
2019-11-05T14:51:10.293Z - success: baidugame loaded
2019-11-05T14:51:10.299Z - success: builder loaded
2019-11-05T14:51:10.471Z - success: cocos-services loaded
2019-11-05T14:51:10.479Z - success: console loaded
2019-11-05T14:51:10.498Z - success: fb-instant-games loaded
2019-11-05T14:51:10.504Z - success: game-window loaded
2019-11-05T14:51:10.506Z - success: google-instant-games loaded
2019-11-05T14:51:10.512Z - success: hierarchy loaded
2019-11-05T14:51:10.516Z - success: inspector loaded
2019-11-05T14:51:10.517Z - success: keystore loaded
2019-11-05T14:51:10.527Z - success: node-library loaded
2019-11-05T14:51:10.529Z - success: open-recent-items loaded
2019-11-05T14:51:10.532Z - success: package-asset loaded
2019-11-05T14:51:10.533Z - success: preferences loaded
2019-11-05T14:51:10.539Z - success: project-exporter loaded
2019-11-05T14:51:10.545Z - success: project-importer loaded
2019-11-05T14:51:10.550Z - success: project-settings loaded
2019-11-05T14:51:10.559Z - success: scene loaded
2019-11-05T14:51:10.562Z - success: simulator-debugger loaded
2019-11-05T14:51:10.571Z - success: sprite-editor loaded
2019-11-05T14:51:10.577Z - success: store loaded
2019-11-05T14:51:10.583Z - success: timeline loaded
2019-11-05T14:51:10.589Z - success: wechatgame-opendata loaded
2019-11-05T14:51:10.594Z - success: wechatgame loaded
2019-11-05T14:51:10.600Z - success: xiaomi-runtime loaded
2019-11-05T14:51:12.711Z - info: Cocos Services load base data!
2019-11-05T14:51:16.169Z - normal: Loading packages
2019-11-05T14:51:16.175Z - normal: Watching packages
2019-11-05T14:51:16.811Z - normal: Run Application
2019-11-05T14:51:22.687Z - warn: Please change the definition of property 'jumpAudio' in class 'Bird'. Starting from v1.10,
the use of declaring a property in CCClass as a URL has been deprecated.
For example, if property is Texture2D, the previous definition is:
    jumpAudio: cc.Texture2D,
    // or:
    jumpAudio: {
      url: cc.Texture2D,
      default: ""
    },
Now it should be changed to:
    jumpAudio: {
      type: cc.Texture2D, // use 'type:' to define Texture2D object directly
      default: null,      // object's default value is null
    },
(This helps us to successfully refactor all RawAssets at v2.0, sorry for the inconvenience. 😰 )
2019-11-05T14:51:22.688Z - warn: Can not indicate the 'cc.String' attribute for "Bird.jumpAudio", which its default value is type of object.
2019-11-05T14:55:47.041Z - info: shutdown preview server
